<?xml version="1.0" encoding="UTF-8"?>
<!-- Generated by org.testng.reporters.JUnitXMLReporter -->
<testsuite ignored="0" hostname="DESKTOP-TNINED8" failures="0" tests="4" name="Test 1" time="23.526" errors="0" timestamp="2023-07-14T11:07:02 IST">
  <testcase classname="mainRunPage.deliveryPageRun" name="browserAccess" time="2.653"/>
  <testcase classname="mainRunPage.deliveryPageRun" name="userSelectBranch" time="2.222"/>
  <testcase classname="mainRunPage.deliveryPageRun" name="enterDeliveryDetails" time="18.099"/>
  <testcase classname="mainRunPage.deliveryPageRun" name="clkOnSubmitBtn" time="0.501"/>
</testsuite> <!-- Test 1 -->
