<?xml version="1.0" encoding="UTF-8"?>
<!-- Generated by org.testng.reporters.JUnitXMLReporter -->
<testsuite ignored="0" hostname="DESKTOP-TNINED8" failures="0" tests="5" name="Test 2" time="25.989" errors="0" timestamp="2023-07-14T11:07:29 IST">
  <testcase classname="mainRunPage.PickUpPageRun" name="launchApp" time="2.632"/>
  <testcase classname="mainRunPage.PickUpPageRun" name="clkOnBranch" time="2.253"/>
  <testcase classname="mainRunPage.PickUpPageRun" name="clkOnPickUpBtn" time="5.183"/>
  <testcase classname="mainRunPage.PickUpPageRun" name="enterPickUpDetails" time="15.424"/>
  <testcase classname="mainRunPage.PickUpPageRun" name="clkOnPickUpSbmtBtn" time="0.485"/>
</testsuite> <!-- Test 2 -->
